
> nextapp@0.1.0 dev
> next dev --turbopack

   ▲ Next.js 15.5.2 (Turbopack)
   - Local:        http://localhost:3000
   - Network:      http://192.168.31.49:3000
   - Environments: .env.local

 ✓ Starting...
 ✓ Ready in 806ms
 ○ Compiling /admin ...
 ✓ Compiled /admin in 4.3s
Lit is in dev mode. Not recommended for production! See https://lit.dev/msg/dev-mode for more information.
 GET /admin 200 in 3331ms
[Reown Config] Failed to fetch remote project configuration. Using local/default values. Error: HTTP status code: 403
    at fetchData (../../../../src/utils/FetchUtil.ts:23:17)
    at async FetchUtil.get (../../../../src/utils/FetchUtil.ts:44:22)
    at async Object.fetchProjectConfig (../../../../src/controllers/ApiController.ts:158:22)
    at async Object.fetchRemoteFeatures (../../../../src/utils/ConfigUtil.ts:233:26)
    at async AppKit.initialize (../../../../src/client/appkit-base-client.ts:165:27) {
  [cause]: Response {
    status: 403,
    statusText: 'Forbidden',
    headers: Headers {
      date: 'Tue, 13 Jan 2026 16:00:26 GMT',
      'content-type': 'text/plain; charset=UTF-8',
      'content-length': '9',
      connection: 'keep-alive',
      'cf-ray': '9bd61b418c5541e5-HYD',
      'access-control-allow-origin': '*',
      'cache-control': 'public, max-age=300, s-maxage=300',
      vary: 'Accept-Encoding',
      server: 'cloudflare',
      'alt-svc': 'h3=":443"; ma=86400'
    },
    body: undefined,
    bodyUsed: false,
    ok: false,
    redirected: false,
    type: 'default',
    url: 'https://api.web3modal.org/appkit/v1/config?projectId=804e760bf608552ef29d115e00319ef4&st=appkit&sv=html-core-1.7.8'
  }
}
 ○ Compiling /favicon.ico ...
 ✓ Compiled /favicon.ico in 1426ms
 GET /favicon.ico?favicon.0b3bf435.ico 200 in 1675ms
 GET /favicon.ico?favicon.0b3bf435.ico 200 in 285ms
 ○ Compiling / ...
 ✓ Compiled / in 1183ms
 GET / 200 in 1216ms
 GET / 200 in 61ms
 GET /admin 200 in 106ms
 GET /admin 200 in 117ms
 GET /favicon.ico?favicon.0b3bf435.ico 200 in 520ms
 GET /favicon.ico?favicon.0b3bf435.ico 200 in 329ms
